# JRE version: OpenJDK Runtime Environment Temurin-21.0.5+11 (21.0.5+11) (build 21.0.5+11-LTS)
# Java VM: OpenJDK 64-Bit Server VM Temurin-21.0.5+11 (21.0.5+11-LTS, mixed mode, emulated-client, sharing, tiered, compressed oops, compressed class ptrs, g1 gc, windows-amd64)
GC Precious Log:
 CardTable entry size: 512
 Card Set container configuration: InlinePtr #cards 5 size 8 Array Of Cards #cards 12 size 40 Howl #buckets 4 coarsen threshold 1843 Howl Bitmap #cards 512 size 80 coarsen threshold 460 Card regions per heap region 1 cards per card region 2048
 CPUs: 12 total, 12 available
 Memory: 7916M
 Large Page Support: Disabled
 NUMA Support: Disabled
 Compressed Oops: Enabled (32-bit)
 Heap Region Size: 1M
 Heap Min Capacity: 8M
 Heap Initial Capacity: 124M
 Heap Max Capacity: 1980M
 Pre-touch: Disabled
 Parallel Workers: 10
 Concurrent Workers: 3
 Concurrent Refinement Workers: 10
 Periodic GC: Disabled
Heap:
 garbage-first heap   total 132096K, used 54870K [0x0000000084400000, 0x0000000100000000)
  region size 1024K, 2 young (2048K), 2 survivors (2048K)
 Metaspace       used 64848K, committed 65600K, reserved 1114112K
  class space    used 9187K, committed 9536K, reserved 1048576K
GC Heap History (20 events):
Event: 5.759 GC heap after
{Heap after GC invocations=11 (full 0):
 garbage-first heap   total 61440K, used 24454K [0x0000000084400000, 0x0000000100000000)
  region size 1024K, 4 young (4096K), 4 survivors (4096K)
 Metaspace       used 45579K, committed 46272K, reserved 1114112K
  class space    used 6238K, committed 6592K, reserved 1048576K
}
Event: 6.303 GC heap before
{Heap before GC invocations=11 (full 0):
 garbage-first heap   total 61440K, used 52102K [0x0000000084400000, 0x0000000100000000)
  region size 1024K, 32 young (32768K), 4 survivors (4096K)
 Metaspace       used 52633K, committed 53376K, reserved 1114112K
  class space    used 7216K, committed 7552K, reserved 1048576K
}
Event: 6.307 GC heap after
{Heap after GC invocations=12 (full 0):
 garbage-first heap   total 61440K, used 26403K [0x0000000084400000, 0x0000000100000000)
  region size 1024K, 2 young (2048K), 2 survivors (2048K)
 Metaspace       used 52633K, committed 53376K, reserved 1114112K
  class space    used 7216K, committed 7552K, reserved 1048576K
}
Event: 6.765 GC heap before
{Heap before GC invocations=12 (full 0):
 garbage-first heap   total 61440K, used 53027K [0x0000000084400000, 0x0000000100000000)
  region size 1024K, 29 young (29696K), 2 survivors (2048K)
 Metaspace       used 58848K, committed 59520K, reserved 1114112K
  class space    used 8193K, committed 8512K, reserved 1048576K
}
Event: 6.768 GC heap after
{Heap after GC invocations=13 (full 0):
 garbage-first heap   total 61440K, used 27231K [0x0000000084400000, 0x0000000100000000)
  region size 1024K, 3 young (3072K), 3 survivors (3072K)
 Metaspace       used 58848K, committed 59520K, reserved 1114112K
  class space    used 8193K, committed 8512K, reserved 1048576K
}
Event: 6.781 GC heap before
{Heap before GC invocations=13 (full 0):
 garbage-first heap   total 61440K, used 27231K [0x0000000084400000, 0x0000000100000000)
  region size 1024K, 4 young (4096K), 3 survivors (3072K)
 Metaspace       used 58925K, committed 59648K, reserved 1114112K
  class space    used 8203K, committed 8576K, reserved 1048576K
}
Event: 6.785 GC heap after
{Heap after GC invocations=14 (full 0):
 garbage-first heap   total 61440K, used 27510K [0x0000000084400000, 0x0000000100000000)
  region size 1024K, 2 young (2048K), 2 survivors (2048K)
 Metaspace       used 58925K, committed 59648K, reserved 1114112K
  class space    used 8203K, committed 8576K, reserved 1048576K
}
Event: 7.325 GC heap before
{Heap before GC invocations=15 (full 0):
 garbage-first heap   total 61440K, used 54134K [0x0000000084400000, 0x0000000100000000)
  region size 1024K, 28 young (28672K), 2 survivors (2048K)
 Metaspace       used 63950K, committed 64704K, reserved 1114112K
  class space    used 9006K, committed 9344K, reserved 1048576K
}
Event: 7.328 GC heap after
{Heap after GC invocations=16 (full 0):
 garbage-first heap   total 61440K, used 29478K [0x0000000084400000, 0x0000000100000000)
  region size 1024K, 4 young (4096K), 4 survivors (4096K)
 Metaspace       used 63950K, committed 64704K, reserved 1114112K
  class space    used 9006K, committed 9344K, reserved 1048576K
}
Event: 7.494 GC heap before
{Heap before GC invocations=16 (full 0):
 garbage-first heap   total 61440K, used 52006K [0x0000000084400000, 0x0000000100000000)
  region size 1024K, 27 young (27648K), 4 survivors (4096K)
 Metaspace       used 64846K, committed 65600K, reserved 1114112K
  class space    used 9186K, committed 9536K, reserved 1048576K
}
Event: 7.500 GC heap after
{Heap after GC invocations=17 (full 0):
 garbage-first heap   total 62464K, used 33474K [0x0000000084400000, 0x0000000100000000)
  region size 1024K, 4 young (4096K), 4 survivors (4096K)
 Metaspace       used 64846K, committed 65600K, reserved 1114112K
  class space    used 9186K, committed 9536K, reserved 1048576K
}
Event: 7.536 GC heap before
{Heap before GC invocations=17 (full 0):
 garbage-first heap   total 62464K, used 53954K [0x0000000084400000, 0x0000000100000000)
  region size 1024K, 24 young (24576K), 4 survivors (4096K)
 Metaspace       used 64846K, committed 65600K, reserved 1114112K
  class space    used 9186K, committed 9536K, reserved 1048576K
}
Event: 7.544 GC heap after
{Heap after GC invocations=18 (full 0):
 garbage-first heap   total 79872K, used 40783K [0x0000000084400000, 0x0000000100000000)
  region size 1024K, 3 young (3072K), 3 survivors (3072K)
 Metaspace       used 64846K, committed 65600K, reserved 1114112K
  class space    used 9186K, committed 9536K, reserved 1048576K
}
Event: 7.618 GC heap before
{Heap before GC invocations=19 (full 0):
 garbage-first heap   total 79872K, used 67407K [0x0000000084400000, 0x0000000100000000)
  region size 1024K, 28 young (28672K), 3 survivors (3072K)
 Metaspace       used 64846K, committed 65600K, reserved 1114112K
  class space    used 9186K, committed 9536K, reserved 1048576K
}
Event: 7.626 GC heap after
{Heap after GC invocations=20 (full 0):
 garbage-first heap   total 81920K, used 52477K [0x0000000084400000, 0x0000000100000000)
  region size 1024K, 4 young (4096K), 4 survivors (4096K)
 Metaspace       used 64846K, committed 65600K, reserved 1114112K
  class space    used 9186K, committed 9536K, reserved 1048576K
}
Event: 7.657 GC heap before
{Heap before GC invocations=20 (full 0):
 garbage-first heap   total 81920K, used 67837K [0x0000000084400000, 0x0000000100000000)
  region size 1024K, 19 young (19456K), 4 survivors (4096K)
 Metaspace       used 64848K, committed 65600K, reserved 1114112K
  class space    used 9187K, committed 9536K, reserved 1048576K
}
Event: 7.661 GC heap after
{Heap after GC invocations=21 (full 0):
 garbage-first heap   total 81920K, used 54035K [0x0000000084400000, 0x0000000100000000)
  region size 1024K, 2 young (2048K), 2 survivors (2048K)
 Metaspace       used 64848K, committed 65600K, reserved 1114112K
  class space    used 9187K, committed 9536K, reserved 1048576K
}
Event: 7.688 GC heap before
{Heap before GC invocations=21 (full 0):
 garbage-first heap   total 81920K, used 69395K [0x0000000084400000, 0x0000000100000000)
  region size 1024K, 17 young (17408K), 2 survivors (2048K)
 Metaspace       used 64848K, committed 65600K, reserved 1114112K
  class space    used 9187K, committed 9536K, reserved 1048576K
}
Event: 7.690 GC heap after
{Heap after GC invocations=22 (full 0):
 garbage-first heap   total 81920K, used 54832K [0x0000000084400000, 0x0000000100000000)
  region size 1024K, 2 young (2048K), 2 survivors (2048K)
 Metaspace       used 64848K, committed 65600K, reserved 1114112K
  class space    used 9187K, committed 9536K, reserved 1048576K
}
Event: 7.732 GC heap before
{Heap before GC invocations=22 (full 0):
 garbage-first heap   total 81920K, used 71216K [0x0000000084400000, 0x0000000100000000)
  region size 1024K, 18 young (18432K), 2 survivors (2048K)
 Metaspace       used 64848K, committed 65600K, reserved 1114112K
  class space    used 9187K, committed 9536K, reserved 1048576K
}

